Arguments: 
  /usr/local/bin/node /usr/local/bin/yarn add babel-preset-react@6.24.1 babel-present-env@1.5.2

PATH: 
  /usr/local/bin:/usr/bin:/bin:/usr/sbin:/sbin

Yarn version: 
  1.22.0

Node version: 
  11.3.0

Platform: 
  darwin x64

Trace: 
  Error: https://registry.yarnpkg.com/babel-present-env: Not found
      at Request.params.callback [as _callback] (/usr/local/lib/node_modules/yarn/lib/cli.js:66975:18)
      at Request.self.callback (/usr/local/lib/node_modules/yarn/lib/cli.js:140727:22)
      at Request.emit (events.js:182:13)
      at Request.<anonymous> (/usr/local/lib/node_modules/yarn/lib/cli.js:141699:10)
      at Request.emit (events.js:182:13)
      at IncomingMessage.<anonymous> (/usr/local/lib/node_modules/yarn/lib/cli.js:141621:12)
      at Object.onceWrapper (events.js:273:13)
      at IncomingMessage.emit (events.js:187:15)
      at endReadableNT (_stream_readable.js:1098:12)
      at process.internalTickCallback (internal/process/next_tick.js:72:19)

npm manifest: 
  {
    "name": "indecision-app",
    "version": "1.0.0",
    "main": "index.js",
    "repository": "https://github.com/MelissaAstbury/Indecision-App.git",
    "author": "Melissa Astbury <melissajastbury@gmail.com>",
    "license": "MIT",
    "private": false
  }

yarn manifest: 
  No manifest

Lockfile: 
  No lockfile
